Analysis & Synthesis report for gba_cart
Thu Dec 09 21:26:46 2021
Quartus Prime Version 16.1.2 Build 203 01/18/2017 SJ Lite Edition


---------------------
; Table of Contents ;
---------------------
  1. Legal Notice
  2. Analysis & Synthesis Summary
  3. Analysis & Synthesis Settings
  4. Parallel Compilation
  5. Analysis & Synthesis Source Files Read
  6. Analysis & Synthesis Resource Usage Summary
  7. Analysis & Synthesis Resource Utilization by Entity
  8. State Machine - |gba_cart|dump_fsm:u4|current_state
  9. Registers Removed During Synthesis
 10. General Register Statistics
 11. Parameter Settings for User Entity Instance: clock_divider:u2
 12. Parameter Settings for User Entity Instance: clock_divider:u3
 13. Parameter Settings for User Entity Instance: dump_fsm:u4
 14. Port Connectivity Checks: "dump_fsm:u4"
 15. Port Connectivity Checks: "clock_divider:u2"
 16. Post-Synthesis Netlist Statistics for Top Partition
 17. Elapsed Time Per Partition
 18. Analysis & Synthesis Messages



----------------
; Legal Notice ;
----------------
Copyright (C) 2017  Intel Corporation. All rights reserved.
Your use of Intel Corporation's design tools, logic functions 
and other software and tools, and its AMPP partner logic 
functions, and any output files from any of the foregoing 
(including device programming or simulation files), and any 
associated documentation or information are expressly subject 
to the terms and conditions of the Intel Program License 
Subscription Agreement, the Intel Quartus Prime License Agreement,
the Intel MegaCore Function License Agreement, or other 
applicable license agreement, including, without limitation, 
that your use is for the sole purpose of programming logic 
devices manufactured by Intel and sold by Intel or its 
authorized distributors.  Please refer to the applicable 
agreement for further details.



+----------------------------------------------------------------------------------+
; Analysis & Synthesis Summary                                                     ;
+------------------------------------+---------------------------------------------+
; Analysis & Synthesis Status        ; Successful - Thu Dec 09 21:26:46 2021       ;
; Quartus Prime Version              ; 16.1.2 Build 203 01/18/2017 SJ Lite Edition ;
; Revision Name                      ; gba_cart                                    ;
; Top-level Entity Name              ; gba_cart                                    ;
; Family                             ; MAX 10                                      ;
; Total logic elements               ; 116                                         ;
;     Total combinational functions  ; 102                                         ;
;     Dedicated logic registers      ; 83                                          ;
; Total registers                    ; 83                                          ;
; Total pins                         ; 162                                         ;
; Total virtual pins                 ; 0                                           ;
; Total memory bits                  ; 0                                           ;
; Embedded Multiplier 9-bit elements ; 0                                           ;
; Total PLLs                         ; 0                                           ;
; UFM blocks                         ; 0                                           ;
; ADC blocks                         ; 0                                           ;
+------------------------------------+---------------------------------------------+


+----------------------------------------------------------------------------------------------------------------------+
; Analysis & Synthesis Settings                                                                                        ;
+----------------------------------------------------------------------------+--------------------+--------------------+
; Option                                                                     ; Setting            ; Default Value      ;
+----------------------------------------------------------------------------+--------------------+--------------------+
; Device                                                                     ; 10M50DAF484C6GES   ;                    ;
; Top-level entity name                                                      ; gba_cart           ; gba_cart           ;
; Family name                                                                ; MAX 10 FPGA        ; Cyclone V          ;
; Use smart compilation                                                      ; Off                ; Off                ;
; Enable parallel Assembler and TimeQuest Timing Analyzer during compilation ; On                 ; On                 ;
; Enable compact report table                                                ; Off                ; Off                ;
; Restructure Multiplexers                                                   ; Auto               ; Auto               ;
; Create Debugging Nodes for IP Cores                                        ; Off                ; Off                ;
; Preserve fewer node names                                                  ; On                 ; On                 ;
; OpenCore Plus hardware evaluation                                          ; Enable             ; Enable             ;
; Verilog Version                                                            ; Verilog_2001       ; Verilog_2001       ;
; VHDL Version                                                               ; VHDL_1993          ; VHDL_1993          ;
; State Machine Processing                                                   ; Auto               ; Auto               ;
; Safe State Machine                                                         ; Off                ; Off                ;
; Extract Verilog State Machines                                             ; On                 ; On                 ;
; Extract VHDL State Machines                                                ; On                 ; On                 ;
; Ignore Verilog initial constructs                                          ; Off                ; Off                ;
; Iteration limit for constant Verilog loops                                 ; 5000               ; 5000               ;
; Iteration limit for non-constant Verilog loops                             ; 250                ; 250                ;
; Add Pass-Through Logic to Inferred RAMs                                    ; On                 ; On                 ;
; Infer RAMs from Raw Logic                                                  ; On                 ; On                 ;
; Parallel Synthesis                                                         ; On                 ; On                 ;
; DSP Block Balancing                                                        ; Auto               ; Auto               ;
; NOT Gate Push-Back                                                         ; On                 ; On                 ;
; Power-Up Don't Care                                                        ; On                 ; On                 ;
; Remove Redundant Logic Cells                                               ; Off                ; Off                ;
; Remove Duplicate Registers                                                 ; On                 ; On                 ;
; Ignore CARRY Buffers                                                       ; Off                ; Off                ;
; Ignore CASCADE Buffers                                                     ; Off                ; Off                ;
; Ignore GLOBAL Buffers                                                      ; Off                ; Off                ;
; Ignore ROW GLOBAL Buffers                                                  ; Off                ; Off                ;
; Ignore LCELL Buffers                                                       ; Off                ; Off                ;
; Ignore SOFT Buffers                                                        ; On                 ; On                 ;
; Limit AHDL Integers to 32 Bits                                             ; Off                ; Off                ;
; Optimization Technique                                                     ; Balanced           ; Balanced           ;
; Carry Chain Length                                                         ; 70                 ; 70                 ;
; Auto Carry Chains                                                          ; On                 ; On                 ;
; Auto Open-Drain Pins                                                       ; On                 ; On                 ;
; Perform WYSIWYG Primitive Resynthesis                                      ; Off                ; Off                ;
; Auto ROM Replacement                                                       ; On                 ; On                 ;
; Auto RAM Replacement                                                       ; On                 ; On                 ;
; Auto DSP Block Replacement                                                 ; On                 ; On                 ;
; Auto Shift Register Replacement                                            ; Auto               ; Auto               ;
; Allow Shift Register Merging across Hierarchies                            ; Auto               ; Auto               ;
; Auto Clock Enable Replacement                                              ; On                 ; On                 ;
; Strict RAM Replacement                                                     ; Off                ; Off                ;
; Allow Synchronous Control Signals                                          ; On                 ; On                 ;
; Force Use of Synchronous Clear Signals                                     ; Off                ; Off                ;
; Auto RAM Block Balancing                                                   ; On                 ; On                 ;
; Auto RAM to Logic Cell Conversion                                          ; Off                ; Off                ;
; Auto Resource Sharing                                                      ; Off                ; Off                ;
; Allow Any RAM Size For Recognition                                         ; Off                ; Off                ;
; Allow Any ROM Size For Recognition                                         ; Off                ; Off                ;
; Allow Any Shift Register Size For Recognition                              ; Off                ; Off                ;
; Use LogicLock Constraints during Resource Balancing                        ; On                 ; On                 ;
; Ignore translate_off and synthesis_off directives                          ; Off                ; Off                ;
; Timing-Driven Synthesis                                                    ; On                 ; On                 ;
; Report Parameter Settings                                                  ; On                 ; On                 ;
; Report Source Assignments                                                  ; On                 ; On                 ;
; Report Connectivity Checks                                                 ; On                 ; On                 ;
; Ignore Maximum Fan-Out Assignments                                         ; Off                ; Off                ;
; Synchronization Register Chain Length                                      ; 2                  ; 2                  ;
; PowerPlay Power Optimization During Synthesis                              ; Normal compilation ; Normal compilation ;
; HDL message level                                                          ; Level2             ; Level2             ;
; Suppress Register Optimization Related Messages                            ; Off                ; Off                ;
; Number of Removed Registers Reported in Synthesis Report                   ; 5000               ; 5000               ;
; Number of Swept Nodes Reported in Synthesis Report                         ; 5000               ; 5000               ;
; Number of Inverted Registers Reported in Synthesis Report                  ; 100                ; 100                ;
; Clock MUX Protection                                                       ; On                 ; On                 ;
; Auto Gated Clock Conversion                                                ; Off                ; Off                ;
; Block Design Naming                                                        ; Auto               ; Auto               ;
; SDC constraint protection                                                  ; Off                ; Off                ;
; Synthesis Effort                                                           ; Auto               ; Auto               ;
; Shift Register Replacement - Allow Asynchronous Clear Signal               ; On                 ; On                 ;
; Pre-Mapping Resynthesis Optimization                                       ; Off                ; Off                ;
; Analysis & Synthesis Message Level                                         ; Medium             ; Medium             ;
; Disable Register Merging Across Hierarchies                                ; Auto               ; Auto               ;
; Resource Aware Inference For Block RAM                                     ; On                 ; On                 ;
+----------------------------------------------------------------------------+--------------------+--------------------+


+------------------------------------------+
; Parallel Compilation                     ;
+----------------------------+-------------+
; Processors                 ; Number      ;
+----------------------------+-------------+
; Number detected on machine ; 4           ;
; Maximum allowed            ; 4           ;
;                            ;             ;
; Average used               ; 1.00        ;
; Maximum used               ; 4           ;
;                            ;             ;
; Usage by Processor         ; % Time Used ;
;     Processor 1            ; 100.0%      ;
;     Processors 2-4         ;   0.0%      ;
+----------------------------+-------------+


+--------------------------------------------------------------------------------------------------------------------------------------+
; Analysis & Synthesis Source Files Read                                                                                               ;
+----------------------------------+-----------------+------------------------------+----------------------------------------+---------+
; File Name with User-Entered Path ; Used in Netlist ; File Type                    ; File Name with Absolute Path           ; Library ;
+----------------------------------+-----------------+------------------------------+----------------------------------------+---------+
; gba_cart.v                       ; yes             ; User Verilog HDL File        ; E:/fpga_deca/gba_cart/gba_cart.v       ;         ;
; dump_fsm.sv                      ; yes             ; User SystemVerilog HDL File  ; E:/fpga_deca/gba_cart/dump_fsm.sv      ;         ;
; clock_divider.sv                 ; yes             ; User SystemVerilog HDL File  ; E:/fpga_deca/gba_cart/clock_divider.sv ;         ;
; debouncer.sv                     ; yes             ; User SystemVerilog HDL File  ; E:/fpga_deca/gba_cart/debouncer.sv     ;         ;
+----------------------------------+-----------------+------------------------------+----------------------------------------+---------+


+-----------------------------------------------------+
; Analysis & Synthesis Resource Usage Summary         ;
+---------------------------------------------+-------+
; Resource                                    ; Usage ;
+---------------------------------------------+-------+
; Estimated Total logic elements              ; 116   ;
;                                             ;       ;
; Total combinational functions               ; 102   ;
; Logic element usage by number of LUT inputs ;       ;
;     -- 4 input functions                    ; 36    ;
;     -- 3 input functions                    ; 4     ;
;     -- <=2 input functions                  ; 62    ;
;                                             ;       ;
; Logic elements by mode                      ;       ;
;     -- normal mode                          ; 49    ;
;     -- arithmetic mode                      ; 53    ;
;                                             ;       ;
; Total registers                             ; 83    ;
;     -- Dedicated logic registers            ; 83    ;
;     -- I/O registers                        ; 0     ;
;                                             ;       ;
; I/O pins                                    ; 162   ;
;                                             ;       ;
; Embedded Multiplier 9-bit elements          ; 0     ;
;                                             ;       ;
; Maximum fan-out node                        ; reset ;
; Maximum fan-out                             ; 66    ;
; Total fan-out                               ; 875   ;
; Average fan-out                             ; 1.46  ;
+---------------------------------------------+-------+


+---------------------------------------------------------------------------------------------------------------------------------------------------------------------------------------------------------------------------------------------+
; Analysis & Synthesis Resource Utilization by Entity                                                                                                                                                                                         ;
+----------------------------+---------------------+---------------------------+-------------+------------+--------------+---------+-----------+------+--------------+------------+----------------------------+---------------+--------------+
; Compilation Hierarchy Node ; Combinational ALUTs ; Dedicated Logic Registers ; Memory Bits ; UFM Blocks ; DSP Elements ; DSP 9x9 ; DSP 18x18 ; Pins ; Virtual Pins ; ADC blocks ; Full Hierarchy Name        ; Entity Name   ; Library Name ;
+----------------------------+---------------------+---------------------------+-------------+------------+--------------+---------+-----------+------+--------------+------------+----------------------------+---------------+--------------+
; |gba_cart                  ; 102 (1)             ; 83 (0)                    ; 0           ; 0          ; 0            ; 0       ; 0         ; 162  ; 0            ; 0          ; |gba_cart                  ; gba_cart      ; work         ;
;    |clock_divider:u3|      ; 36 (36)             ; 27 (27)                   ; 0           ; 0          ; 0            ; 0       ; 0         ; 0    ; 0            ; 0          ; |gba_cart|clock_divider:u3 ; clock_divider ; work         ;
;    |debouncer:u0|          ; 3 (3)               ; 8 (8)                     ; 0           ; 0          ; 0            ; 0       ; 0         ; 0    ; 0            ; 0          ; |gba_cart|debouncer:u0     ; debouncer     ; work         ;
;    |debouncer:u1|          ; 3 (3)               ; 8 (8)                     ; 0           ; 0          ; 0            ; 0       ; 0         ; 0    ; 0            ; 0          ; |gba_cart|debouncer:u1     ; debouncer     ; work         ;
;    |dump_fsm:u4|           ; 59 (59)             ; 40 (40)                   ; 0           ; 0          ; 0            ; 0       ; 0         ; 0    ; 0            ; 0          ; |gba_cart|dump_fsm:u4      ; dump_fsm      ; work         ;
+----------------------------+---------------------+---------------------------+-------------+------------+--------------+---------+-----------+------+--------------+------------+----------------------------+---------------+--------------+
Note: For table entries with two numbers listed, the numbers in parentheses indicate the number of resources of the given type used by the specific entity alone. The numbers listed outside of parentheses indicate the total resources of the given type used by the specific entity and all of its sub-entities in the hierarchy.


Encoding Type:  One-Hot
+------------------------------------------------------------------------------------------------------------------------------------------------------------------------------------------------------------------------------------------------+
; State Machine - |gba_cart|dump_fsm:u4|current_state                                                                                                                                                                                            ;
+---------------------------+-----------------------+-------------------------+----------------------+---------------------+--------------------------+---------------------------+--------------------+--------------------+--------------------+
; Name                      ; current_state.RD_HIGH ; current_state.SAVE_DATA ; current_state.RD_LOW ; current_state.DA_HZ ; current_state.LATCH_ADDR ; current_state.ADDR_ON_BUS ; current_state.INIT ; current_state.IDLE ; current_state.DONE ;
+---------------------------+-----------------------+-------------------------+----------------------+---------------------+--------------------------+---------------------------+--------------------+--------------------+--------------------+
; current_state.IDLE        ; 0                     ; 0                       ; 0                    ; 0                   ; 0                        ; 0                         ; 0                  ; 0                  ; 0                  ;
; current_state.INIT        ; 0                     ; 0                       ; 0                    ; 0                   ; 0                        ; 0                         ; 1                  ; 1                  ; 0                  ;
; current_state.ADDR_ON_BUS ; 0                     ; 0                       ; 0                    ; 0                   ; 0                        ; 1                         ; 0                  ; 1                  ; 0                  ;
; current_state.LATCH_ADDR  ; 0                     ; 0                       ; 0                    ; 0                   ; 1                        ; 0                         ; 0                  ; 1                  ; 0                  ;
; current_state.DA_HZ       ; 0                     ; 0                       ; 0                    ; 1                   ; 0                        ; 0                         ; 0                  ; 1                  ; 0                  ;
; current_state.RD_LOW      ; 0                     ; 0                       ; 1                    ; 0                   ; 0                        ; 0                         ; 0                  ; 1                  ; 0                  ;
; current_state.SAVE_DATA   ; 0                     ; 1                       ; 0                    ; 0                   ; 0                        ; 0                         ; 0                  ; 1                  ; 0                  ;
; current_state.RD_HIGH     ; 1                     ; 0                       ; 0                    ; 0                   ; 0                        ; 0                         ; 0                  ; 1                  ; 0                  ;
; current_state.DONE        ; 0                     ; 0                       ; 0                    ; 0                   ; 0                        ; 0                         ; 0                  ; 1                  ; 1                  ;
+---------------------------+-----------------------+-------------------------+----------------------+---------------------+--------------------------+---------------------------+--------------------+--------------------+--------------------+


+------------------------------------------------------------+
; Registers Removed During Synthesis                         ;
+---------------------------------------+--------------------+
; Register name                         ; Reason for Removal ;
+---------------------------------------+--------------------+
; dump_fsm:u4|current_state~4           ; Lost fanout        ;
; dump_fsm:u4|current_state~5           ; Lost fanout        ;
; dump_fsm:u4|current_state~6           ; Lost fanout        ;
; Total Number of Removed Registers = 3 ;                    ;
+---------------------------------------+--------------------+


+------------------------------------------------------+
; General Register Statistics                          ;
+----------------------------------------------+-------+
; Statistic                                    ; Value ;
+----------------------------------------------+-------+
; Total registers                              ; 83    ;
; Number of registers using Synchronous Clear  ; 33    ;
; Number of registers using Synchronous Load   ; 0     ;
; Number of registers using Asynchronous Clear ; 66    ;
; Number of registers using Asynchronous Load  ; 0     ;
; Number of registers using Clock Enable       ; 23    ;
; Number of registers using Preset             ; 0     ;
+----------------------------------------------+-------+


+---------------------------------------------------------------+
; Parameter Settings for User Entity Instance: clock_divider:u2 ;
+----------------+----------------------------+-----------------+
; Parameter Name ; Value                      ; Type            ;
+----------------+----------------------------+-----------------+
; DIVISOR        ; 01011111010111100001000000 ; Unsigned Binary ;
+----------------+----------------------------+-----------------+
Note: In order to hide this table in the UI and the text report file, please set the "Show Parameter Settings in Synthesis Report" option in "Analysis and Synthesis Settings -> More Settings" to "Off".


+---------------------------------------------------------------+
; Parameter Settings for User Entity Instance: clock_divider:u3 ;
+----------------+----------------------------+-----------------+
; Parameter Name ; Value                      ; Type            ;
+----------------+----------------------------+-----------------+
; DIVISOR        ; 00000000000000000000011001 ; Unsigned Binary ;
+----------------+----------------------------+-----------------+
Note: In order to hide this table in the UI and the text report file, please set the "Show Parameter Settings in Synthesis Report" option in "Analysis and Synthesis Settings -> More Settings" to "Off".


+-------------------------------------------------------------+
; Parameter Settings for User Entity Instance: dump_fsm:u4    ;
+----------------+--------------------------+-----------------+
; Parameter Name ; Value                    ; Type            ;
+----------------+--------------------------+-----------------+
; N              ; 111                      ; Unsigned Binary ;
; DELAYED_CYCLES ; 1100100                  ; Unsigned Binary ;
; MAX_ADDR       ; 111111111111111111111111 ; Unsigned Binary ;
+----------------+--------------------------+-----------------+
Note: In order to hide this table in the UI and the text report file, please set the "Show Parameter Settings in Synthesis Report" option in "Analysis and Synthesis Settings -> More Settings" to "Off".


+----------------------------------------------------------------------------------------------------------------------+
; Port Connectivity Checks: "dump_fsm:u4"                                                                              ;
+------------+--------+----------+-------------------------------------------------------------------------------------+
; Port       ; Type   ; Severity ; Details                                                                             ;
+------------+--------+----------+-------------------------------------------------------------------------------------+
; data_ready ; Output ; Info     ; Connected to dangling logic. Logic that only feeds a dangling port will be removed. ;
+------------+--------+----------+-------------------------------------------------------------------------------------+


+-------------------------------------------------------------------------------------------------------------------+
; Port Connectivity Checks: "clock_divider:u2"                                                                      ;
+---------+--------+----------+-------------------------------------------------------------------------------------+
; Port    ; Type   ; Severity ; Details                                                                             ;
+---------+--------+----------+-------------------------------------------------------------------------------------+
; clk_out ; Output ; Info     ; Connected to dangling logic. Logic that only feeds a dangling port will be removed. ;
+---------+--------+----------+-------------------------------------------------------------------------------------+


+-----------------------------------------------------+
; Post-Synthesis Netlist Statistics for Top Partition ;
+-----------------------+-----------------------------+
; Type                  ; Count                       ;
+-----------------------+-----------------------------+
; boundary_port         ; 162                         ;
; cycloneiii_ff         ; 83                          ;
;     CLR               ; 10                          ;
;     CLR SCLR          ; 33                          ;
;     ENA CLR           ; 23                          ;
;     plain             ; 17                          ;
; cycloneiii_io_obuf    ; 89                          ;
; cycloneiii_lcell_comb ; 105                         ;
;     arith             ; 53                          ;
;         2 data inputs ; 52                          ;
;         3 data inputs ; 1                           ;
;     normal            ; 52                          ;
;         0 data inputs ; 2                           ;
;         1 data inputs ; 4                           ;
;         2 data inputs ; 7                           ;
;         3 data inputs ; 3                           ;
;         4 data inputs ; 36                          ;
;                       ;                             ;
; Max LUT depth         ; 5.00                        ;
; Average LUT depth     ; 2.22                        ;
+-----------------------+-----------------------------+


+-------------------------------+
; Elapsed Time Per Partition    ;
+----------------+--------------+
; Partition Name ; Elapsed Time ;
+----------------+--------------+
; Top            ; 00:00:00     ;
+----------------+--------------+


+-------------------------------+
; Analysis & Synthesis Messages ;
+-------------------------------+
Info: *******************************************************************
Info: Running Quartus Prime Analysis & Synthesis
    Info: Version 16.1.2 Build 203 01/18/2017 SJ Lite Edition
    Info: Processing started: Thu Dec 09 21:26:36 2021
Info: Command: quartus_map --read_settings_files=on --write_settings_files=off gba_cart -c gba_cart
Warning (18236): Number of processors has not been specified which may cause overloading on shared machines.  Set the global assignment NUM_PARALLEL_PROCESSORS in your QSF to an appropriate value for best performance.
Info (20032): Parallel compilation is enabled and will use up to 4 processors
Info (12021): Found 1 design units, including 1 entities, in source file gba_cart.v
    Info (12023): Found entity 1: gba_cart File: E:/fpga_deca/gba_cart/gba_cart.v Line: 6
Info (12021): Found 1 design units, including 1 entities, in source file cartridge.v
    Info (12023): Found entity 1: cartridge File: E:/fpga_deca/gba_cart/cartridge.v Line: 1
Info (12021): Found 1 design units, including 1 entities, in source file dump_fsm.sv
    Info (12023): Found entity 1: dump_fsm File: E:/fpga_deca/gba_cart/dump_fsm.sv Line: 1
Info (12021): Found 1 design units, including 1 entities, in source file wait_fsm.sv
    Info (12023): Found entity 1: wait_fsm File: E:/fpga_deca/gba_cart/wait_fsm.sv Line: 1
Info (12021): Found 1 design units, including 1 entities, in source file clock_divider.sv
    Info (12023): Found entity 1: clock_divider File: E:/fpga_deca/gba_cart/clock_divider.sv Line: 1
Info (12021): Found 1 design units, including 1 entities, in source file debouncer.sv
    Info (12023): Found entity 1: debouncer File: E:/fpga_deca/gba_cart/debouncer.sv Line: 1
Info (12127): Elaborating entity "gba_cart" for the top level hierarchy
Warning (10036): Verilog HDL or VHDL warning at gba_cart.v(104): object "rom_data" assigned a value but never read File: E:/fpga_deca/gba_cart/gba_cart.v Line: 104
Warning (10034): Output port "HDMI_TX_D" at gba_cart.v(45) has no driver File: E:/fpga_deca/gba_cart/gba_cart.v Line: 45
Warning (10034): Output port "AUDIO_DIN_MFP1" at gba_cart.v(25) has no driver File: E:/fpga_deca/gba_cart/gba_cart.v Line: 25
Warning (10034): Output port "AUDIO_MCLK" at gba_cart.v(28) has no driver File: E:/fpga_deca/gba_cart/gba_cart.v Line: 28
Warning (10034): Output port "AUDIO_SCL_SS_n" at gba_cart.v(31) has no driver File: E:/fpga_deca/gba_cart/gba_cart.v Line: 31
Warning (10034): Output port "AUDIO_SCLK_MFP3" at gba_cart.v(32) has no driver File: E:/fpga_deca/gba_cart/gba_cart.v Line: 32
Warning (10034): Output port "AUDIO_SPI_SELECT" at gba_cart.v(34) has no driver File: E:/fpga_deca/gba_cart/gba_cart.v Line: 34
Warning (10034): Output port "HDMI_TX_CLK" at gba_cart.v(44) has no driver File: E:/fpga_deca/gba_cart/gba_cart.v Line: 44
Warning (10034): Output port "HDMI_TX_DE" at gba_cart.v(46) has no driver File: E:/fpga_deca/gba_cart/gba_cart.v Line: 46
Warning (10034): Output port "HDMI_TX_HS" at gba_cart.v(47) has no driver File: E:/fpga_deca/gba_cart/gba_cart.v Line: 47
Warning (10034): Output port "HDMI_TX_VS" at gba_cart.v(49) has no driver File: E:/fpga_deca/gba_cart/gba_cart.v Line: 49
Warning (10034): Output port "SD_CLK" at gba_cart.v(52) has no driver File: E:/fpga_deca/gba_cart/gba_cart.v Line: 52
Warning (10034): Output port "SD_CMD_DIR" at gba_cart.v(54) has no driver File: E:/fpga_deca/gba_cart/gba_cart.v Line: 54
Warning (10034): Output port "SD_D0_DIR" at gba_cart.v(55) has no driver File: E:/fpga_deca/gba_cart/gba_cart.v Line: 55
Warning (10034): Output port "SD_SEL" at gba_cart.v(59) has no driver File: E:/fpga_deca/gba_cart/gba_cart.v Line: 59
Warning (10034): Output port "USB_CS" at gba_cart.v(66) has no driver File: E:/fpga_deca/gba_cart/gba_cart.v Line: 66
Warning (10034): Output port "USB_RESET_n" at gba_cart.v(71) has no driver File: E:/fpga_deca/gba_cart/gba_cart.v Line: 71
Warning (10034): Output port "USB_STP" at gba_cart.v(72) has no driver File: E:/fpga_deca/gba_cart/gba_cart.v Line: 72
Warning (10034): Output port "CLK_GBA" at gba_cart.v(81) has no driver File: E:/fpga_deca/gba_cart/gba_cart.v Line: 81
Info (12128): Elaborating entity "debouncer" for hierarchy "debouncer:u0" File: E:/fpga_deca/gba_cart/gba_cart.v Line: 126
Info (12128): Elaborating entity "clock_divider" for hierarchy "clock_divider:u2" File: E:/fpga_deca/gba_cart/gba_cart.v Line: 129
Info (12128): Elaborating entity "clock_divider" for hierarchy "clock_divider:u3" File: E:/fpga_deca/gba_cart/gba_cart.v Line: 130
Info (12128): Elaborating entity "dump_fsm" for hierarchy "dump_fsm:u4" File: E:/fpga_deca/gba_cart/gba_cart.v Line: 144
Warning (13034): The following nodes have both tri-state and non-tri-state drivers
    Warning (13035): Inserted always-enabled tri-state buffer between "GPIO1_D[1]" and its non-tri-state driver. File: E:/fpga_deca/gba_cart/gba_cart.v Line: 78
Warning (13039): The following bidirectional pins have no drivers
    Warning (13040): bidirectional pin "CAP_SENSE_I2C_SCL" has no driver File: E:/fpga_deca/gba_cart/gba_cart.v Line: 20
    Warning (13040): bidirectional pin "CAP_SENSE_I2C_SDA" has no driver File: E:/fpga_deca/gba_cart/gba_cart.v Line: 21
    Warning (13040): bidirectional pin "AUDIO_BCLK" has no driver File: E:/fpga_deca/gba_cart/gba_cart.v Line: 24
    Warning (13040): bidirectional pin "AUDIO_GPIO_MFP5" has no driver File: E:/fpga_deca/gba_cart/gba_cart.v Line: 27
    Warning (13040): bidirectional pin "AUDIO_RESET_n" has no driver File: E:/fpga_deca/gba_cart/gba_cart.v Line: 30
    Warning (13040): bidirectional pin "AUDIO_SDA_MOSI" has no driver File: E:/fpga_deca/gba_cart/gba_cart.v Line: 33
    Warning (13040): bidirectional pin "AUDIO_WCLK" has no driver File: E:/fpga_deca/gba_cart/gba_cart.v Line: 35
    Warning (13040): bidirectional pin "HDMI_I2C_SCL" has no driver File: E:/fpga_deca/gba_cart/gba_cart.v Line: 38
    Warning (13040): bidirectional pin "HDMI_I2C_SDA" has no driver File: E:/fpga_deca/gba_cart/gba_cart.v Line: 39
    Warning (13040): bidirectional pin "HDMI_I2S[0]" has no driver File: E:/fpga_deca/gba_cart/gba_cart.v Line: 40
    Warning (13040): bidirectional pin "HDMI_I2S[1]" has no driver File: E:/fpga_deca/gba_cart/gba_cart.v Line: 40
    Warning (13040): bidirectional pin "HDMI_I2S[2]" has no driver File: E:/fpga_deca/gba_cart/gba_cart.v Line: 40
    Warning (13040): bidirectional pin "HDMI_I2S[3]" has no driver File: E:/fpga_deca/gba_cart/gba_cart.v Line: 40
    Warning (13040): bidirectional pin "HDMI_LRCLK" has no driver File: E:/fpga_deca/gba_cart/gba_cart.v Line: 41
    Warning (13040): bidirectional pin "HDMI_MCLK" has no driver File: E:/fpga_deca/gba_cart/gba_cart.v Line: 42
    Warning (13040): bidirectional pin "HDMI_SCLK" has no driver File: E:/fpga_deca/gba_cart/gba_cart.v Line: 43
    Warning (13040): bidirectional pin "SD_CMD" has no driver File: E:/fpga_deca/gba_cart/gba_cart.v Line: 53
    Warning (13040): bidirectional pin "SD_D123_DIR" has no driver File: E:/fpga_deca/gba_cart/gba_cart.v Line: 56
    Warning (13040): bidirectional pin "SD_DAT[0]" has no driver File: E:/fpga_deca/gba_cart/gba_cart.v Line: 57
    Warning (13040): bidirectional pin "SD_DAT[1]" has no driver File: E:/fpga_deca/gba_cart/gba_cart.v Line: 57
    Warning (13040): bidirectional pin "SD_DAT[2]" has no driver File: E:/fpga_deca/gba_cart/gba_cart.v Line: 57
    Warning (13040): bidirectional pin "SD_DAT[3]" has no driver File: E:/fpga_deca/gba_cart/gba_cart.v Line: 57
    Warning (13040): bidirectional pin "USB_DATA[0]" has no driver File: E:/fpga_deca/gba_cart/gba_cart.v Line: 67
    Warning (13040): bidirectional pin "USB_DATA[1]" has no driver File: E:/fpga_deca/gba_cart/gba_cart.v Line: 67
    Warning (13040): bidirectional pin "USB_DATA[2]" has no driver File: E:/fpga_deca/gba_cart/gba_cart.v Line: 67
    Warning (13040): bidirectional pin "USB_DATA[3]" has no driver File: E:/fpga_deca/gba_cart/gba_cart.v Line: 67
    Warning (13040): bidirectional pin "USB_DATA[4]" has no driver File: E:/fpga_deca/gba_cart/gba_cart.v Line: 67
    Warning (13040): bidirectional pin "USB_DATA[5]" has no driver File: E:/fpga_deca/gba_cart/gba_cart.v Line: 67
    Warning (13040): bidirectional pin "USB_DATA[6]" has no driver File: E:/fpga_deca/gba_cart/gba_cart.v Line: 67
    Warning (13040): bidirectional pin "USB_DATA[7]" has no driver File: E:/fpga_deca/gba_cart/gba_cart.v Line: 67
    Warning (13040): bidirectional pin "GPIO0_D[32]" has no driver File: E:/fpga_deca/gba_cart/gba_cart.v Line: 77
    Warning (13040): bidirectional pin "GPIO0_D[33]" has no driver File: E:/fpga_deca/gba_cart/gba_cart.v Line: 77
    Warning (13040): bidirectional pin "GPIO0_D[34]" has no driver File: E:/fpga_deca/gba_cart/gba_cart.v Line: 77
    Warning (13040): bidirectional pin "GPIO0_D[35]" has no driver File: E:/fpga_deca/gba_cart/gba_cart.v Line: 77
    Warning (13040): bidirectional pin "GPIO0_D[36]" has no driver File: E:/fpga_deca/gba_cart/gba_cart.v Line: 77
    Warning (13040): bidirectional pin "GPIO0_D[37]" has no driver File: E:/fpga_deca/gba_cart/gba_cart.v Line: 77
    Warning (13040): bidirectional pin "GPIO0_D[38]" has no driver File: E:/fpga_deca/gba_cart/gba_cart.v Line: 77
    Warning (13040): bidirectional pin "GPIO0_D[39]" has no driver File: E:/fpga_deca/gba_cart/gba_cart.v Line: 77
    Warning (13040): bidirectional pin "GPIO0_D[40]" has no driver File: E:/fpga_deca/gba_cart/gba_cart.v Line: 77
    Warning (13040): bidirectional pin "GPIO0_D[41]" has no driver File: E:/fpga_deca/gba_cart/gba_cart.v Line: 77
    Warning (13040): bidirectional pin "GPIO0_D[42]" has no driver File: E:/fpga_deca/gba_cart/gba_cart.v Line: 77
    Warning (13040): bidirectional pin "GPIO0_D[43]" has no driver File: E:/fpga_deca/gba_cart/gba_cart.v Line: 77
    Warning (13040): bidirectional pin "GPIO1_D[0]" has no driver File: E:/fpga_deca/gba_cart/gba_cart.v Line: 78
    Warning (13040): bidirectional pin "GPIO1_D[2]" has no driver File: E:/fpga_deca/gba_cart/gba_cart.v Line: 78
    Warning (13040): bidirectional pin "GPIO1_D[3]" has no driver File: E:/fpga_deca/gba_cart/gba_cart.v Line: 78
    Warning (13040): bidirectional pin "GPIO1_D[4]" has no driver File: E:/fpga_deca/gba_cart/gba_cart.v Line: 78
    Warning (13040): bidirectional pin "GPIO1_D[5]" has no driver File: E:/fpga_deca/gba_cart/gba_cart.v Line: 78
    Warning (13040): bidirectional pin "GPIO1_D[6]" has no driver File: E:/fpga_deca/gba_cart/gba_cart.v Line: 78
    Warning (13040): bidirectional pin "GPIO1_D[7]" has no driver File: E:/fpga_deca/gba_cart/gba_cart.v Line: 78
    Warning (13040): bidirectional pin "GPIO1_D[8]" has no driver File: E:/fpga_deca/gba_cart/gba_cart.v Line: 78
    Warning (13040): bidirectional pin "GPIO1_D[9]" has no driver File: E:/fpga_deca/gba_cart/gba_cart.v Line: 78
    Warning (13040): bidirectional pin "GPIO1_D[10]" has no driver File: E:/fpga_deca/gba_cart/gba_cart.v Line: 78
    Warning (13040): bidirectional pin "GPIO1_D[11]" has no driver File: E:/fpga_deca/gba_cart/gba_cart.v Line: 78
    Warning (13040): bidirectional pin "GPIO1_D[12]" has no driver File: E:/fpga_deca/gba_cart/gba_cart.v Line: 78
    Warning (13040): bidirectional pin "GPIO1_D[13]" has no driver File: E:/fpga_deca/gba_cart/gba_cart.v Line: 78
    Warning (13040): bidirectional pin "GPIO1_D[14]" has no driver File: E:/fpga_deca/gba_cart/gba_cart.v Line: 78
    Warning (13040): bidirectional pin "GPIO1_D[15]" has no driver File: E:/fpga_deca/gba_cart/gba_cart.v Line: 78
    Warning (13040): bidirectional pin "GPIO1_D[16]" has no driver File: E:/fpga_deca/gba_cart/gba_cart.v Line: 78
    Warning (13040): bidirectional pin "GPIO1_D[17]" has no driver File: E:/fpga_deca/gba_cart/gba_cart.v Line: 78
    Warning (13040): bidirectional pin "GPIO1_D[18]" has no driver File: E:/fpga_deca/gba_cart/gba_cart.v Line: 78
    Warning (13040): bidirectional pin "GPIO1_D[19]" has no driver File: E:/fpga_deca/gba_cart/gba_cart.v Line: 78
    Warning (13040): bidirectional pin "GPIO1_D[20]" has no driver File: E:/fpga_deca/gba_cart/gba_cart.v Line: 78
    Warning (13040): bidirectional pin "GPIO1_D[21]" has no driver File: E:/fpga_deca/gba_cart/gba_cart.v Line: 78
    Warning (13040): bidirectional pin "GPIO1_D[22]" has no driver File: E:/fpga_deca/gba_cart/gba_cart.v Line: 78
Warning (13009): TRI or OPNDRN buffers permanently enabled
    Warning (13010): Node "GPIO1_D[1]~synth" File: E:/fpga_deca/gba_cart/gba_cart.v Line: 78
Warning (13024): Output pins are stuck at VCC or GND
    Warning (13410): Pin "AUDIO_DIN_MFP1" is stuck at GND File: E:/fpga_deca/gba_cart/gba_cart.v Line: 25
    Warning (13410): Pin "AUDIO_MCLK" is stuck at GND File: E:/fpga_deca/gba_cart/gba_cart.v Line: 28
    Warning (13410): Pin "AUDIO_SCL_SS_n" is stuck at GND File: E:/fpga_deca/gba_cart/gba_cart.v Line: 31
    Warning (13410): Pin "AUDIO_SCLK_MFP3" is stuck at GND File: E:/fpga_deca/gba_cart/gba_cart.v Line: 32
    Warning (13410): Pin "AUDIO_SPI_SELECT" is stuck at GND File: E:/fpga_deca/gba_cart/gba_cart.v Line: 34
    Warning (13410): Pin "HDMI_TX_CLK" is stuck at GND File: E:/fpga_deca/gba_cart/gba_cart.v Line: 44
    Warning (13410): Pin "HDMI_TX_D[0]" is stuck at GND File: E:/fpga_deca/gba_cart/gba_cart.v Line: 45
    Warning (13410): Pin "HDMI_TX_D[1]" is stuck at GND File: E:/fpga_deca/gba_cart/gba_cart.v Line: 45
    Warning (13410): Pin "HDMI_TX_D[2]" is stuck at GND File: E:/fpga_deca/gba_cart/gba_cart.v Line: 45
    Warning (13410): Pin "HDMI_TX_D[3]" is stuck at GND File: E:/fpga_deca/gba_cart/gba_cart.v Line: 45
    Warning (13410): Pin "HDMI_TX_D[4]" is stuck at GND File: E:/fpga_deca/gba_cart/gba_cart.v Line: 45
    Warning (13410): Pin "HDMI_TX_D[5]" is stuck at GND File: E:/fpga_deca/gba_cart/gba_cart.v Line: 45
    Warning (13410): Pin "HDMI_TX_D[6]" is stuck at GND File: E:/fpga_deca/gba_cart/gba_cart.v Line: 45
    Warning (13410): Pin "HDMI_TX_D[7]" is stuck at GND File: E:/fpga_deca/gba_cart/gba_cart.v Line: 45
    Warning (13410): Pin "HDMI_TX_D[8]" is stuck at GND File: E:/fpga_deca/gba_cart/gba_cart.v Line: 45
    Warning (13410): Pin "HDMI_TX_D[9]" is stuck at GND File: E:/fpga_deca/gba_cart/gba_cart.v Line: 45
    Warning (13410): Pin "HDMI_TX_D[10]" is stuck at GND File: E:/fpga_deca/gba_cart/gba_cart.v Line: 45
    Warning (13410): Pin "HDMI_TX_D[11]" is stuck at GND File: E:/fpga_deca/gba_cart/gba_cart.v Line: 45
    Warning (13410): Pin "HDMI_TX_D[12]" is stuck at GND File: E:/fpga_deca/gba_cart/gba_cart.v Line: 45
    Warning (13410): Pin "HDMI_TX_D[13]" is stuck at GND File: E:/fpga_deca/gba_cart/gba_cart.v Line: 45
    Warning (13410): Pin "HDMI_TX_D[14]" is stuck at GND File: E:/fpga_deca/gba_cart/gba_cart.v Line: 45
    Warning (13410): Pin "HDMI_TX_D[15]" is stuck at GND File: E:/fpga_deca/gba_cart/gba_cart.v Line: 45
    Warning (13410): Pin "HDMI_TX_D[16]" is stuck at GND File: E:/fpga_deca/gba_cart/gba_cart.v Line: 45
    Warning (13410): Pin "HDMI_TX_D[17]" is stuck at GND File: E:/fpga_deca/gba_cart/gba_cart.v Line: 45
    Warning (13410): Pin "HDMI_TX_D[18]" is stuck at GND File: E:/fpga_deca/gba_cart/gba_cart.v Line: 45
    Warning (13410): Pin "HDMI_TX_D[19]" is stuck at GND File: E:/fpga_deca/gba_cart/gba_cart.v Line: 45
    Warning (13410): Pin "HDMI_TX_D[20]" is stuck at GND File: E:/fpga_deca/gba_cart/gba_cart.v Line: 45
    Warning (13410): Pin "HDMI_TX_D[21]" is stuck at GND File: E:/fpga_deca/gba_cart/gba_cart.v Line: 45
    Warning (13410): Pin "HDMI_TX_D[22]" is stuck at GND File: E:/fpga_deca/gba_cart/gba_cart.v Line: 45
    Warning (13410): Pin "HDMI_TX_D[23]" is stuck at GND File: E:/fpga_deca/gba_cart/gba_cart.v Line: 45
    Warning (13410): Pin "HDMI_TX_DE" is stuck at GND File: E:/fpga_deca/gba_cart/gba_cart.v Line: 46
    Warning (13410): Pin "HDMI_TX_HS" is stuck at GND File: E:/fpga_deca/gba_cart/gba_cart.v Line: 47
    Warning (13410): Pin "HDMI_TX_VS" is stuck at GND File: E:/fpga_deca/gba_cart/gba_cart.v Line: 49
    Warning (13410): Pin "SD_CLK" is stuck at GND File: E:/fpga_deca/gba_cart/gba_cart.v Line: 52
    Warning (13410): Pin "SD_CMD_DIR" is stuck at GND File: E:/fpga_deca/gba_cart/gba_cart.v Line: 54
    Warning (13410): Pin "SD_D0_DIR" is stuck at GND File: E:/fpga_deca/gba_cart/gba_cart.v Line: 55
    Warning (13410): Pin "SD_SEL" is stuck at GND File: E:/fpga_deca/gba_cart/gba_cart.v Line: 59
    Warning (13410): Pin "USB_CS" is stuck at GND File: E:/fpga_deca/gba_cart/gba_cart.v Line: 66
    Warning (13410): Pin "USB_RESET_n" is stuck at GND File: E:/fpga_deca/gba_cart/gba_cart.v Line: 71
    Warning (13410): Pin "USB_STP" is stuck at GND File: E:/fpga_deca/gba_cart/gba_cart.v Line: 72
    Warning (13410): Pin "nWR" is stuck at VCC File: E:/fpga_deca/gba_cart/gba_cart.v Line: 80
    Warning (13410): Pin "CLK_GBA" is stuck at GND File: E:/fpga_deca/gba_cart/gba_cart.v Line: 81
    Warning (13410): Pin "nCS2" is stuck at VCC File: E:/fpga_deca/gba_cart/gba_cart.v Line: 85
Info (286030): Timing-Driven Synthesis is running
Info (17049): 3 registers lost all their fanouts during netlist optimizations.
Info (16010): Generating hard_block partition "hard_block:auto_generated_inst"
    Info (16011): Adding 0 node(s), including 0 DDIO, 0 PLL, 0 transceiver and 0 LCELL
Warning (21074): Design contains 17 input pin(s) that do not drive logic
    Warning (15610): No output dependent on input pin "ADC_CLK_10" File: E:/fpga_deca/gba_cart/gba_cart.v Line: 9
    Warning (15610): No output dependent on input pin "MAX10_CLK2_50" File: E:/fpga_deca/gba_cart/gba_cart.v Line: 11
    Warning (15610): No output dependent on input pin "AUDIO_DOUT_MFP2" File: E:/fpga_deca/gba_cart/gba_cart.v Line: 26
    Warning (15610): No output dependent on input pin "AUDIO_MISO_MFP4" File: E:/fpga_deca/gba_cart/gba_cart.v Line: 29
    Warning (15610): No output dependent on input pin "HDMI_TX_INT" File: E:/fpga_deca/gba_cart/gba_cart.v Line: 48
    Warning (15610): No output dependent on input pin "SD_FB_CLK" File: E:/fpga_deca/gba_cart/gba_cart.v Line: 58
    Warning (15610): No output dependent on input pin "SW[0]" File: E:/fpga_deca/gba_cart/gba_cart.v Line: 62
    Warning (15610): No output dependent on input pin "SW[1]" File: E:/fpga_deca/gba_cart/gba_cart.v Line: 62
    Warning (15610): No output dependent on input pin "USB_CLKIN" File: E:/fpga_deca/gba_cart/gba_cart.v Line: 65
    Warning (15610): No output dependent on input pin "USB_DIR" File: E:/fpga_deca/gba_cart/gba_cart.v Line: 68
    Warning (15610): No output dependent on input pin "USB_FAULT_n" File: E:/fpga_deca/gba_cart/gba_cart.v Line: 69
    Warning (15610): No output dependent on input pin "USB_NXT" File: E:/fpga_deca/gba_cart/gba_cart.v Line: 70
    Warning (15610): No output dependent on input pin "BBB_PWR_BUT" File: E:/fpga_deca/gba_cart/gba_cart.v Line: 75
    Warning (15610): No output dependent on input pin "BBB_SYS_RESET_n" File: E:/fpga_deca/gba_cart/gba_cart.v Line: 76
    Warning (15610): No output dependent on input pin "nIRQ" File: E:/fpga_deca/gba_cart/gba_cart.v Line: 84
    Warning (15610): No output dependent on input pin "GPIO0_D2" File: E:/fpga_deca/gba_cart/gba_cart.v Line: 86
    Warning (15610): No output dependent on input pin "GPIO0_D7" File: E:/fpga_deca/gba_cart/gba_cart.v Line: 88
Info (21057): Implemented 281 device resources after synthesis - the final resource count might be different
    Info (21058): Implemented 20 input pins
    Info (21059): Implemented 53 output pins
    Info (21060): Implemented 89 bidirectional pins
    Info (21061): Implemented 119 logic cells
Info: Quartus Prime Analysis & Synthesis was successful. 0 errors, 151 warnings
    Info: Peak virtual memory: 4763 megabytes
    Info: Processing ended: Thu Dec 09 21:26:46 2021
    Info: Elapsed time: 00:00:10
    Info: Total CPU time (on all processors): 00:00:20


